<?xml version="1.0" encoding="UTF-8"?>
<!-- Generated by org.testng.reporters.JUnitReportReporter -->
<testsuite skipped="0" hostname="DESKTOP-2JV4QRQ" name="demoblaze.testcase.RegisterTestCase" tests="4" failures="0" timestamp="10 Feb 2023 11:04:50 GMT" time="90.050" errors="0">
  <testcase name="verifyBlazeLinksOnGoogleSearchPage" time="19.792" classname="demoblaze.testcase.RegisterTestCase"/>
  <testcase name="verifyUserShouldBeNavigateToBlazeHomePage" time="19.538" classname="demoblaze.testcase.RegisterTestCase"/>
  <testcase name="verifyUserShouldBeNavigateToSignUpPage" time="24.236" classname="demoblaze.testcase.RegisterTestCase"/>
  <testcase name="VerifyUserShouldGetWelcomeMessageAfterLogin" time="26.484" classname="demoblaze.testcase.RegisterTestCase"/>
</testsuite> <!-- demoblaze.testcase.RegisterTestCase -->
